{"component":"python_repo_lua","event":"order_place_eval","user_type":"live","user_id":"6","order_id":"ord_20250918_068","symbol":"AUDCAD","ok":true,"reason":null,"timing_us":{"exists_order":4,"portfolio_updates":28,"total":202,"exists_user":13,"hget_leverage":8,"json_decode":37,"hset_order":51}}
{"component":"python_api","endpoint":"orders/instant/execute","status":"success","order_id":"ord_20250918_068","flow":"provider","durations_ms":{"executor_ms":131,"provider_send_ms":0}}
{"ts":"2025-09-19T06:50:51.972Z","component":"node_api","endpoint":"placeInstantOrder","operationId":"instant_place_1758264651686_x5gm4i","order_id":"ord_20250918_068","status":"success","flow":"provider","durations_ms":{"total_ms":284,"validate_ms":6,"id_generate_ms":10,"db_preinsert_ms":38,"py_roundtrip_ms":207,"db_post_success_ms":20,"user_margin_ms":0}}
{"component":"python_repo_lua","event":"order_place_eval","user_type":"live","user_id":"6","order_id":"ord_20250918_069","symbol":"AUDCAD","ok":true,"reason":null,"timing_us":{"exists_order":8,"portfolio_updates":7,"total":160,"exists_user":17,"hget_leverage":8,"json_decode":17,"hset_order":65}}
{"component":"python_api","endpoint":"orders/instant/execute","status":"success","order_id":"ord_20250918_069","flow":"provider","durations_ms":{"executor_ms":219,"provider_send_ms":0}}
{"ts":"2025-09-19T06:50:53.865Z","component":"node_api","endpoint":"placeInstantOrder","operationId":"instant_place_1758264653610_0wevdp","order_id":"ord_20250918_069","status":"success","flow":"provider","durations_ms":{"total_ms":252,"validate_ms":0,"id_generate_ms":2,"db_preinsert_ms":11,"py_roundtrip_ms":229,"db_post_success_ms":8,"user_margin_ms":0}}
{"component":"python_repo_lua","event":"order_place_eval","user_type":"live","user_id":"6","order_id":"ord_20250918_070","symbol":"AUDJPY","ok":true,"reason":null,"timing_us":{"exists_order":2,"portfolio_updates":11,"total":2524,"exists_user":8,"hget_leverage":10,"json_decode":2215,"hset_order":156}}
{"component":"python_api","endpoint":"orders/instant/execute","status":"success","order_id":"ord_20250918_070","flow":"provider","durations_ms":{"executor_ms":114,"provider_send_ms":0}}
{"ts":"2025-09-19T06:51:03.275Z","component":"node_api","endpoint":"placeInstantOrder","operationId":"instant_place_1758264663090_49h2bs","order_id":"ord_20250918_070","status":"success","flow":"provider","durations_ms":{"total_ms":181,"validate_ms":0,"id_generate_ms":4,"db_preinsert_ms":12,"py_roundtrip_ms":142,"db_post_success_ms":19,"user_margin_ms":0}}
{"component":"python_repo_lua","event":"order_place_eval","user_type":"live","user_id":"6","order_id":"ord_20250918_071","symbol":"AUDJPY","ok":true,"reason":null,"timing_us":{"exists_order":2,"portfolio_updates":7,"total":208,"exists_user":12,"hget_leverage":9,"json_decode":23,"hset_order":57}}
{"component":"python_api","endpoint":"orders/instant/execute","status":"success","order_id":"ord_20250918_071","flow":"provider","durations_ms":{"executor_ms":115,"provider_send_ms":0}}
{"ts":"2025-09-19T06:51:13.380Z","component":"node_api","endpoint":"placeInstantOrder","operationId":"instant_place_1758264673200_gsp53b","order_id":"ord_20250918_071","status":"success","flow":"provider","durations_ms":{"total_ms":178,"validate_ms":0,"id_generate_ms":13,"db_preinsert_ms":9,"py_roundtrip_ms":141,"db_post_success_ms":12,"user_margin_ms":0}}
{"component":"python_repo_lua","event":"order_place_eval","user_type":"live","user_id":"7","order_id":"ord_20250918_072","symbol":"AUDSGD","ok":true,"reason":null,"timing_us":{"exists_order":15,"portfolio_updates":13,"total":507,"exists_user":103,"hget_leverage":13,"json_decode":23,"hset_order":137}}
{"component":"python_api","endpoint":"orders/instant/execute","status":"success","order_id":"ord_20250918_072","flow":"local","durations_ms":{"executor_ms":120,"provider_send_ms":null}}
{"ts":"2025-09-19T06:51:31.981Z","component":"node_api","endpoint":"placeInstantOrder","operationId":"instant_place_1758264691738_tfjk6s","order_id":"ord_20250918_072","status":"success","flow":"local","durations_ms":{"total_ms":239,"validate_ms":0,"id_generate_ms":4,"db_preinsert_ms":11,"py_roundtrip_ms":168,"db_post_success_ms":8,"user_margin_ms":44}}
{"component":"python_repo_lua","event":"order_place_eval","user_type":"live","user_id":"7","order_id":"ord_20250918_073","symbol":"AUDSGD","ok":true,"reason":null,"timing_us":{"exists_order":5,"portfolio_updates":6,"total":181,"exists_user":14,"hget_leverage":8,"json_decode":24,"hset_order":77}}
{"component":"python_api","endpoint":"orders/instant/execute","status":"success","order_id":"ord_20250918_073","flow":"local","durations_ms":{"executor_ms":82,"provider_send_ms":null}}
{"ts":"2025-09-19T06:51:33.912Z","component":"node_api","endpoint":"placeInstantOrder","operationId":"instant_place_1758264693781_pr3ddt","order_id":"ord_20250918_073","status":"success","flow":"local","durations_ms":{"total_ms":129,"validate_ms":0,"id_generate_ms":3,"db_preinsert_ms":8,"py_roundtrip_ms":92,"db_post_success_ms":7,"user_margin_ms":16}}
{"component":"python_repo_lua","event":"order_place_eval","user_type":"live","user_id":"7","order_id":"ord_20250918_074","symbol":"XAGUSD","ok":true,"reason":null,"timing_us":{"exists_order":9,"portfolio_updates":8,"total":223,"exists_user":23,"hget_leverage":15,"json_decode":29,"hset_order":77}}
{"component":"python_api","endpoint":"orders/instant/execute","status":"success","order_id":"ord_20250918_074","flow":"local","durations_ms":{"executor_ms":107,"provider_send_ms":null}}
{"ts":"2025-09-19T06:51:39.916Z","component":"node_api","endpoint":"placeInstantOrder","operationId":"instant_place_1758264699679_y6yul3","order_id":"ord_20250918_074","status":"success","flow":"local","durations_ms":{"total_ms":229,"validate_ms":0,"id_generate_ms":14,"db_preinsert_ms":16,"py_roundtrip_ms":153,"db_post_success_ms":6,"user_margin_ms":27}}
{"component":"python_repo_lua","event":"order_place_eval","user_type":"live","user_id":"7","order_id":"ord_20250918_075","symbol":"XAGUSD","ok":true,"reason":null,"timing_us":{"exists_order":6,"portfolio_updates":6,"total":117,"exists_user":9,"hget_leverage":5,"json_decode":15,"hset_order":46}}
{"component":"python_api","endpoint":"orders/instant/execute","status":"success","order_id":"ord_20250918_075","flow":"local","durations_ms":{"executor_ms":107,"provider_send_ms":null}}
{"ts":"2025-09-19T06:51:41.564Z","component":"node_api","endpoint":"placeInstantOrder","operationId":"instant_place_1758264701373_t4hzlv","order_id":"ord_20250918_075","status":"success","flow":"local","durations_ms":{"total_ms":189,"validate_ms":2,"id_generate_ms":31,"db_preinsert_ms":9,"py_roundtrip_ms":118,"db_post_success_ms":5,"user_margin_ms":15}}
