2025-09-25 08:56:02,528 INFO {"transport":"TCP","direction":"in","message":{"type":"execution_report","order_id":"CLS459264227236438016","ord_status":"ACK","ord_type":"1","symbol":"BTCUSD","side":"SELL","avgpx":"0","cumqty":"0.017800","ts":1758815762509}}
2025-09-25 08:56:02,529 INFO [PROVIDER_CONNECTION:STARTING_PROCESSING] order_id=CLS459264227236438016
2025-09-25 08:56:02,529 INFO [PROVIDER_CONNECTION:MSG_RECEIVED] msg_type=execution_report order_id=CLS459264227236438016 ord_status=ACK isinstance_dict=True
2025-09-25 08:56:02,530 INFO [PROVIDER_CONNECTION:USING_EXISTING_REPORT] order_id=CLS459264227236438016
2025-09-25 08:56:02,530 INFO [PROVIDER_CONNECTION:REPORT_RESULT] order_id=CLS459264227236438016 report_is_none=False
2025-09-25 08:56:02,549 INFO [PROVIDER_CONNECTION:PROCESSING] lifecycle_id=CLS459264227236438016 ord_status=ACK
2025-09-25 08:56:02,561 INFO [PROVIDER_CONNECTION:LOOKUP] lifecycle_id=CLS459264227236438016 canonical_id=0416166615000
2025-09-25 08:56:02,581 INFO [PROVIDER_CONNECTION:PUBLISHED] lifecycle_id=CLS459264227236438016 canonical_id=0416166615000 ord_status=ACK to_queue=confirmation_queue
2025-09-25 08:56:02,581 INFO {"transport":"TCP","direction":"in","message":{"type":"execution_report","order_id":"CLS459264227236438016","ord_status":"ACK","ord_type":"1","symbol":"BTCUSD","avgpx":"0","cumqty":"0.017800","side":"SELL","reason":"New Request","ts":1758815762505,"idempotency":"313e69b33500b896"}}
2025-09-25 08:56:02,581 INFO [PROVIDER_CONNECTION:STARTING_PROCESSING] order_id=CLS459264227236438016
2025-09-25 08:56:02,582 INFO [PROVIDER_CONNECTION:MSG_RECEIVED] msg_type=execution_report order_id=CLS459264227236438016 ord_status=ACK isinstance_dict=True
2025-09-25 08:56:02,582 INFO [PROVIDER_CONNECTION:USING_EXISTING_REPORT] order_id=CLS459264227236438016
2025-09-25 08:56:02,582 INFO [PROVIDER_CONNECTION:REPORT_RESULT] order_id=CLS459264227236438016 report_is_none=False
2025-09-25 08:56:02,586 INFO [PROVIDER_CONNECTION:PROCESSING] lifecycle_id=CLS459264227236438016 ord_status=ACK
2025-09-25 08:56:02,589 INFO [PROVIDER_CONNECTION:LOOKUP] lifecycle_id=CLS459264227236438016 canonical_id=0416166615000
2025-09-25 08:56:02,603 INFO [PROVIDER_CONNECTION:PUBLISHED] lifecycle_id=CLS459264227236438016 canonical_id=0416166615000 ord_status=ACK to_queue=confirmation_queue
2025-09-25 08:56:02,746 INFO {"transport":"TCP","direction":"in","message":{"type":"execution_report","order_id":"CLS459264227236438016","ord_status":"EXECUTED","ord_type":"1","symbol":"BTCUSD","avgpx":"111438.3800000000","cumqty":"0.017800","side":"SELL","reason":"Processed","ts":1758815762738,"idempotency":"ca9c15207f2446e4"}}
2025-09-25 08:56:02,746 INFO [PROVIDER_CONNECTION:STARTING_PROCESSING] order_id=CLS459264227236438016
2025-09-25 08:56:02,746 INFO [PROVIDER_CONNECTION:MSG_RECEIVED] msg_type=execution_report order_id=CLS459264227236438016 ord_status=EXECUTED isinstance_dict=True
2025-09-25 08:56:02,747 INFO [PROVIDER_CONNECTION:USING_EXISTING_REPORT] order_id=CLS459264227236438016
2025-09-25 08:56:02,747 INFO [PROVIDER_CONNECTION:REPORT_RESULT] order_id=CLS459264227236438016 report_is_none=False
2025-09-25 08:56:02,749 INFO [PROVIDER_CONNECTION:PROCESSING] lifecycle_id=CLS459264227236438016 ord_status=EXECUTED
2025-09-25 08:56:02,750 INFO [PROVIDER_CONNECTION:LOOKUP] lifecycle_id=CLS459264227236438016 canonical_id=0416166615000
2025-09-25 08:56:02,758 INFO [PROVIDER_CONNECTION:PUBLISHED] lifecycle_id=CLS459264227236438016 canonical_id=0416166615000 ord_status=EXECUTED to_queue=confirmation_queue
